{"/Users/imzee/projects/mintflow/packages/plugins/queue/src/index.ts": {"path":"/Users/imzee/projects/mintflow/packages/plugins/queue/src/index.ts","statementMap":{"0":{"start":{"line":8,"column":0},"end":{"line":8,"column":62}},"1":{"start":{"line":9,"column":16},"end":{"line":9,"column":32}},"2":{"start":{"line":10,"column":15},"end":{"line":10,"column":55}},"3":{"start":{"line":12,"column":27},"end":{"line":12,"column":38}},"4":{"start":{"line":13,"column":27},"end":{"line":13,"column":31}},"5":{"start":{"line":14,"column":25},"end":{"line":14,"column":26}},"6":{"start":{"line":15,"column":23},"end":{"line":15,"column":33}},"7":{"start":{"line":17,"column":23},"end":{"line":17,"column":25}},"8":{"start":{"line":23,"column":21},"end":{"line":23,"column":70}},"9":{"start":{"line":24,"column":4},"end":{"line":26,"column":5}},"10":{"start":{"line":25,"column":8},"end":{"line":25,"column":40}},"11":{"start":{"line":29,"column":4},"end":{"line":42,"column":5}},"12":{"start":{"line":31,"column":8},"end":{"line":31,"column":38}},"13":{"start":{"line":35,"column":8},"end":{"line":41,"column":10}},"14":{"start":{"line":44,"column":18},"end":{"line":51,"column":6}},"15":{"start":{"line":52,"column":4},"end":{"line":52,"column":37}},"16":{"start":{"line":53,"column":4},"end":{"line":53,"column":17}},"17":{"start":{"line":59,"column":26},"end":{"line":59,"column":83}},"18":{"start":{"line":59,"column":69},"end":{"line":59,"column":82}},"19":{"start":{"line":60,"column":4},"end":{"line":60,"column":37}},"20":{"start":{"line":61,"column":4},"end":{"line":61,"column":75}},"21":{"start":{"line":61,"column":47},"end":{"line":61,"column":73}},"22":{"start":{"line":67,"column":4},"end":{"line":81,"column":6}},"23":{"start":{"line":83,"column":20},"end":{"line":922,"column":1}},"24":{"start":{"line":290,"column":16},"end":{"line":305,"column":17}},"25":{"start":{"line":291,"column":83},"end":{"line":291,"column":93}},"26":{"start":{"line":293,"column":34},"end":{"line":293,"column":69}},"27":{"start":{"line":295,"column":32},"end":{"line":295,"column":71}},"28":{"start":{"line":296,"column":20},"end":{"line":301,"column":22}},"29":{"start":{"line":304,"column":20},"end":{"line":304,"column":52}},"30":{"start":{"line":329,"column":16},"end":{"line":346,"column":17}},"31":{"start":{"line":330,"column":49},"end":{"line":330,"column":59}},"32":{"start":{"line":332,"column":34},"end":{"line":332,"column":69}},"33":{"start":{"line":334,"column":32},"end":{"line":334,"column":57}},"34":{"start":{"line":335,"column":20},"end":{"line":337,"column":21}},"35":{"start":{"line":336,"column":24},"end":{"line":336,"column":99}},"36":{"start":{"line":338,"column":20},"end":{"line":342,"column":22}},"37":{"start":{"line":345,"column":20},"end":{"line":345,"column":52}},"38":{"start":{"line":389,"column":16},"end":{"line":432,"column":17}},"39":{"start":{"line":390,"column":92},"end":{"line":390,"column":102}},"40":{"start":{"line":392,"column":34},"end":{"line":392,"column":69}},"41":{"start":{"line":395,"column":20},"end":{"line":416,"column":21}},"42":{"start":{"line":397,"column":28},"end":{"line":397,"column":70}},"43":{"start":{"line":398,"column":28},"end":{"line":398,"column":34}},"44":{"start":{"line":400,"column":28},"end":{"line":400,"column":69}},"45":{"start":{"line":401,"column":28},"end":{"line":401,"column":34}},"46":{"start":{"line":403,"column":28},"end":{"line":403,"column":72}},"47":{"start":{"line":404,"column":28},"end":{"line":404,"column":34}},"48":{"start":{"line":406,"column":28},"end":{"line":406,"column":69}},"49":{"start":{"line":407,"column":28},"end":{"line":407,"column":34}},"50":{"start":{"line":409,"column":28},"end":{"line":409,"column":70}},"51":{"start":{"line":410,"column":28},"end":{"line":410,"column":34}},"52":{"start":{"line":412,"column":28},"end":{"line":412,"column":69}},"53":{"start":{"line":413,"column":28},"end":{"line":413,"column":34}},"54":{"start":{"line":415,"column":28},"end":{"line":415,"column":70}},"55":{"start":{"line":418,"column":20},"end":{"line":420,"column":21}},"56":{"start":{"line":419,"column":24},"end":{"line":419,"column":72}},"57":{"start":{"line":419,"column":50},"end":{"line":419,"column":70}},"58":{"start":{"line":421,"column":20},"end":{"line":428,"column":22}},"59":{"start":{"line":431,"column":20},"end":{"line":431,"column":52}},"60":{"start":{"line":456,"column":16},"end":{"line":475,"column":17}},"61":{"start":{"line":457,"column":49},"end":{"line":457,"column":59}},"62":{"start":{"line":459,"column":34},"end":{"line":459,"column":69}},"63":{"start":{"line":461,"column":32},"end":{"line":461,"column":57}},"64":{"start":{"line":462,"column":20},"end":{"line":464,"column":21}},"65":{"start":{"line":463,"column":24},"end":{"line":463,"column":99}},"66":{"start":{"line":466,"column":20},"end":{"line":466,"column":39}},"67":{"start":{"line":467,"column":20},"end":{"line":471,"column":22}},"68":{"start":{"line":474,"column":20},"end":{"line":474,"column":52}},"69":{"start":{"line":501,"column":16},"end":{"line":549,"column":17}},"70":{"start":{"line":502,"column":58},"end":{"line":502,"column":68}},"71":{"start":{"line":504,"column":34},"end":{"line":504,"column":69}},"72":{"start":{"line":506,"column":32},"end":{"line":506,"column":33}},"73":{"start":{"line":507,"column":20},"end":{"line":539,"column":21}},"74":{"start":{"line":508,"column":24},"end":{"line":508,"column":52}},"75":{"start":{"line":509,"column":24},"end":{"line":509,"column":44}},"76":{"start":{"line":514,"column":24},"end":{"line":535,"column":25}},"77":{"start":{"line":516,"column":32},"end":{"line":516,"column":69}},"78":{"start":{"line":517,"column":32},"end":{"line":517,"column":38}},"79":{"start":{"line":519,"column":32},"end":{"line":519,"column":68}},"80":{"start":{"line":520,"column":32},"end":{"line":520,"column":38}},"81":{"start":{"line":522,"column":32},"end":{"line":522,"column":71}},"82":{"start":{"line":523,"column":32},"end":{"line":523,"column":38}},"83":{"start":{"line":525,"column":32},"end":{"line":525,"column":68}},"84":{"start":{"line":526,"column":32},"end":{"line":526,"column":38}},"85":{"start":{"line":528,"column":32},"end":{"line":528,"column":69}},"86":{"start":{"line":529,"column":32},"end":{"line":529,"column":38}},"87":{"start":{"line":531,"column":32},"end":{"line":531,"column":68}},"88":{"start":{"line":532,"column":32},"end":{"line":532,"column":38}},"89":{"start":{"line":534,"column":32},"end":{"line":534,"column":42}},"90":{"start":{"line":536,"column":24},"end":{"line":536,"column":44}},"91":{"start":{"line":538,"column":24},"end":{"line":538,"column":73}},"92":{"start":{"line":538,"column":58},"end":{"line":538,"column":70}},"93":{"start":{"line":540,"column":20},"end":{"line":545,"column":22}},"94":{"start":{"line":548,"column":20},"end":{"line":548,"column":52}},"95":{"start":{"line":568,"column":16},"end":{"line":582,"column":17}},"96":{"start":{"line":569,"column":42},"end":{"line":569,"column":52}},"97":{"start":{"line":571,"column":34},"end":{"line":571,"column":69}},"98":{"start":{"line":573,"column":20},"end":{"line":573,"column":40}},"99":{"start":{"line":574,"column":20},"end":{"line":578,"column":22}},"100":{"start":{"line":581,"column":20},"end":{"line":581,"column":52}},"101":{"start":{"line":601,"column":16},"end":{"line":615,"column":17}},"102":{"start":{"line":602,"column":42},"end":{"line":602,"column":52}},"103":{"start":{"line":604,"column":34},"end":{"line":604,"column":69}},"104":{"start":{"line":606,"column":20},"end":{"line":606,"column":41}},"105":{"start":{"line":607,"column":20},"end":{"line":611,"column":22}},"106":{"start":{"line":614,"column":20},"end":{"line":614,"column":52}},"107":{"start":{"line":634,"column":16},"end":{"line":667,"column":17}},"108":{"start":{"line":635,"column":42},"end":{"line":635,"column":52}},"109":{"start":{"line":637,"column":34},"end":{"line":637,"column":69}},"110":{"start":{"line":639,"column":82},"end":{"line":646,"column":22}},"111":{"start":{"line":647,"column":34},"end":{"line":647,"column":90}},"112":{"start":{"line":648,"column":37},"end":{"line":648,"column":59}},"113":{"start":{"line":649,"column":20},"end":{"line":663,"column":22}},"114":{"start":{"line":666,"column":20},"end":{"line":666,"column":52}},"115":{"start":{"line":703,"column":16},"end":{"line":740,"column":17}},"116":{"start":{"line":704,"column":87},"end":{"line":704,"column":97}},"117":{"start":{"line":706,"column":34},"end":{"line":706,"column":69}},"118":{"start":{"line":709,"column":20},"end":{"line":723,"column":21}},"119":{"start":{"line":711,"column":24},"end":{"line":719,"column":15}},"120":{"start":{"line":722,"column":24},"end":{"line":722,"column":89}},"121":{"start":{"line":725,"column":20},"end":{"line":730,"column":21}},"122":{"start":{"line":726,"column":24},"end":{"line":726,"column":73}},"123":{"start":{"line":729,"column":24},"end":{"line":729,"column":64}},"124":{"start":{"line":731,"column":20},"end":{"line":736,"column":22}},"125":{"start":{"line":739,"column":20},"end":{"line":739,"column":52}},"126":{"start":{"line":788,"column":16},"end":{"line":851,"column":17}},"127":{"start":{"line":789,"column":80},"end":{"line":789,"column":90}},"128":{"start":{"line":790,"column":20},"end":{"line":792,"column":21}},"129":{"start":{"line":791,"column":24},"end":{"line":791,"column":99}},"130":{"start":{"line":794,"column":34},"end":{"line":794,"column":69}},"131":{"start":{"line":797,"column":20},"end":{"line":835,"column":21}},"132":{"start":{"line":798,"column":24},"end":{"line":812,"column":25}},"133":{"start":{"line":800,"column":28},"end":{"line":808,"column":17}},"134":{"start":{"line":811,"column":28},"end":{"line":811,"column":92}},"135":{"start":{"line":814,"column":25},"end":{"line":835,"column":21}},"136":{"start":{"line":816,"column":24},"end":{"line":830,"column":26}},"137":{"start":{"line":817,"column":28},"end":{"line":829,"column":29}},"138":{"start":{"line":820,"column":32},"end":{"line":825,"column":35}},"139":{"start":{"line":828,"column":32},"end":{"line":828,"column":81}},"140":{"start":{"line":834,"column":24},"end":{"line":834,"column":53}},"141":{"start":{"line":837,"column":20},"end":{"line":841,"column":21}},"142":{"start":{"line":838,"column":24},"end":{"line":840,"column":27}},"143":{"start":{"line":839,"column":28},"end":{"line":839,"column":51}},"144":{"start":{"line":842,"column":20},"end":{"line":847,"column":22}},"145":{"start":{"line":850,"column":20},"end":{"line":850,"column":52}},"146":{"start":{"line":896,"column":16},"end":{"line":918,"column":17}},"147":{"start":{"line":897,"column":48},"end":{"line":897,"column":58}},"148":{"start":{"line":898,"column":20},"end":{"line":900,"column":21}},"149":{"start":{"line":899,"column":24},"end":{"line":899,"column":61}},"150":{"start":{"line":902,"column":34},"end":{"line":902,"column":69}},"151":{"start":{"line":904,"column":40},"end":{"line":907,"column":22}},"152":{"start":{"line":905,"column":70},"end":{"line":905,"column":73}},"153":{"start":{"line":906,"column":24},"end":{"line":906,"column":59}},"154":{"start":{"line":908,"column":38},"end":{"line":908,"column":68}},"155":{"start":{"line":909,"column":20},"end":{"line":914,"column":22}},"156":{"start":{"line":917,"column":20},"end":{"line":917,"column":52}},"157":{"start":{"line":923,"column":0},"end":{"line":923,"column":30}}},"fnMap":{"0":{"name":"createQueue","decl":{"start":{"line":21,"column":9},"end":{"line":21,"column":20}},"loc":{"start":{"line":21,"column":40},"end":{"line":54,"column":1}},"line":21},"1":{"name":"closeAllQueues","decl":{"start":{"line":58,"column":15},"end":{"line":58,"column":29}},"loc":{"start":{"line":58,"column":32},"end":{"line":62,"column":1}},"line":58},"2":{"name":"(anonymous_2)","decl":{"start":{"line":59,"column":60},"end":{"line":59,"column":61}},"loc":{"start":{"line":59,"column":69},"end":{"line":59,"column":82}},"line":59},"3":{"name":"(anonymous_3)","decl":{"start":{"line":61,"column":40},"end":{"line":61,"column":41}},"loc":{"start":{"line":61,"column":47},"end":{"line":61,"column":73}},"line":61},"4":{"name":"formatJobData","decl":{"start":{"line":66,"column":9},"end":{"line":66,"column":22}},"loc":{"start":{"line":66,"column":28},"end":{"line":82,"column":1}},"line":66},"5":{"name":"(anonymous_5)","decl":{"start":{"line":289,"column":12},"end":{"line":289,"column":13}},"loc":{"start":{"line":289,"column":41},"end":{"line":306,"column":13}},"line":289},"6":{"name":"(anonymous_6)","decl":{"start":{"line":328,"column":12},"end":{"line":328,"column":13}},"loc":{"start":{"line":328,"column":41},"end":{"line":347,"column":13}},"line":328},"7":{"name":"(anonymous_7)","decl":{"start":{"line":388,"column":12},"end":{"line":388,"column":13}},"loc":{"start":{"line":388,"column":41},"end":{"line":433,"column":13}},"line":388},"8":{"name":"(anonymous_8)","decl":{"start":{"line":419,"column":43},"end":{"line":419,"column":44}},"loc":{"start":{"line":419,"column":50},"end":{"line":419,"column":70}},"line":419},"9":{"name":"(anonymous_9)","decl":{"start":{"line":455,"column":12},"end":{"line":455,"column":13}},"loc":{"start":{"line":455,"column":41},"end":{"line":476,"column":13}},"line":455},"10":{"name":"(anonymous_10)","decl":{"start":{"line":500,"column":12},"end":{"line":500,"column":13}},"loc":{"start":{"line":500,"column":41},"end":{"line":550,"column":13}},"line":500},"11":{"name":"(anonymous_11)","decl":{"start":{"line":538,"column":51},"end":{"line":538,"column":52}},"loc":{"start":{"line":538,"column":58},"end":{"line":538,"column":70}},"line":538},"12":{"name":"(anonymous_12)","decl":{"start":{"line":567,"column":12},"end":{"line":567,"column":13}},"loc":{"start":{"line":567,"column":41},"end":{"line":583,"column":13}},"line":567},"13":{"name":"(anonymous_13)","decl":{"start":{"line":600,"column":12},"end":{"line":600,"column":13}},"loc":{"start":{"line":600,"column":41},"end":{"line":616,"column":13}},"line":600},"14":{"name":"(anonymous_14)","decl":{"start":{"line":633,"column":12},"end":{"line":633,"column":13}},"loc":{"start":{"line":633,"column":41},"end":{"line":668,"column":13}},"line":633},"15":{"name":"(anonymous_15)","decl":{"start":{"line":702,"column":12},"end":{"line":702,"column":13}},"loc":{"start":{"line":702,"column":41},"end":{"line":741,"column":13}},"line":702},"16":{"name":"(anonymous_16)","decl":{"start":{"line":787,"column":12},"end":{"line":787,"column":13}},"loc":{"start":{"line":787,"column":41},"end":{"line":852,"column":13}},"line":787},"17":{"name":"(anonymous_17)","decl":{"start":{"line":816,"column":37},"end":{"line":816,"column":38}},"loc":{"start":{"line":816,"column":67},"end":{"line":830,"column":25}},"line":816},"18":{"name":"(anonymous_18)","decl":{"start":{"line":834,"column":37},"end":{"line":834,"column":38}},"loc":{"start":{"line":834,"column":49},"end":{"line":834,"column":52}},"line":834},"19":{"name":"(anonymous_19)","decl":{"start":{"line":838,"column":40},"end":{"line":838,"column":41}},"loc":{"start":{"line":838,"column":49},"end":{"line":840,"column":25}},"line":838},"20":{"name":"(anonymous_20)","decl":{"start":{"line":895,"column":12},"end":{"line":895,"column":13}},"loc":{"start":{"line":895,"column":41},"end":{"line":919,"column":13}},"line":895},"21":{"name":"(anonymous_21)","decl":{"start":{"line":904,"column":49},"end":{"line":904,"column":50}},"loc":{"start":{"line":904,"column":56},"end":{"line":907,"column":21}},"line":904}},"branchMap":{"0":{"loc":{"start":{"line":23,"column":24},"end":{"line":23,"column":55}},"type":"binary-expr","locations":[{"start":{"line":23,"column":24},"end":{"line":23,"column":37}},{"start":{"line":23,"column":41},"end":{"line":23,"column":55}}],"line":23},"1":{"loc":{"start":{"line":24,"column":4},"end":{"line":26,"column":5}},"type":"if","locations":[{"start":{"line":24,"column":4},"end":{"line":26,"column":5}},{"start":{},"end":{}}],"line":24},"2":{"loc":{"start":{"line":29,"column":4},"end":{"line":42,"column":5}},"type":"if","locations":[{"start":{"line":29,"column":4},"end":{"line":42,"column":5}},{"start":{"line":33,"column":9},"end":{"line":42,"column":5}}],"line":29},"3":{"loc":{"start":{"line":36,"column":18},"end":{"line":36,"column":56}},"type":"binary-expr","locations":[{"start":{"line":36,"column":18},"end":{"line":36,"column":34}},{"start":{"line":36,"column":38},"end":{"line":36,"column":56}}],"line":36},"4":{"loc":{"start":{"line":37,"column":18},"end":{"line":37,"column":56}},"type":"binary-expr","locations":[{"start":{"line":37,"column":18},"end":{"line":37,"column":34}},{"start":{"line":37,"column":38},"end":{"line":37,"column":56}}],"line":37},"5":{"loc":{"start":{"line":38,"column":16},"end":{"line":38,"column":50}},"type":"binary-expr","locations":[{"start":{"line":38,"column":16},"end":{"line":38,"column":30}},{"start":{"line":38,"column":34},"end":{"line":38,"column":50}}],"line":38},"6":{"loc":{"start":{"line":45,"column":16},"end":{"line":45,"column":47}},"type":"binary-expr","locations":[{"start":{"line":45,"column":16},"end":{"line":45,"column":29}},{"start":{"line":45,"column":33},"end":{"line":45,"column":47}}],"line":45},"7":{"loc":{"start":{"line":80,"column":15},"end":{"line":80,"column":86}},"type":"cond-expr","locations":[{"start":{"line":80,"column":32},"end":{"line":80,"column":43}},{"start":{"line":80,"column":47},"end":{"line":80,"column":85}}],"line":80},"8":{"loc":{"start":{"line":80,"column":47},"end":{"line":80,"column":85}},"type":"cond-expr","locations":[{"start":{"line":80,"column":65},"end":{"line":80,"column":73}},{"start":{"line":80,"column":76},"end":{"line":80,"column":85}}],"line":80},"9":{"loc":{"start":{"line":291,"column":39},"end":{"line":291,"column":58}},"type":"default-arg","locations":[{"start":{"line":291,"column":49},"end":{"line":291,"column":58}}],"line":291},"10":{"loc":{"start":{"line":291,"column":66},"end":{"line":291,"column":78}},"type":"default-arg","locations":[{"start":{"line":291,"column":76},"end":{"line":291,"column":78}}],"line":291},"11":{"loc":{"start":{"line":335,"column":20},"end":{"line":337,"column":21}},"type":"if","locations":[{"start":{"line":335,"column":20},"end":{"line":337,"column":21}},{"start":{},"end":{}}],"line":335},"12":{"loc":{"start":{"line":390,"column":39},"end":{"line":390,"column":57}},"type":"default-arg","locations":[{"start":{"line":390,"column":48},"end":{"line":390,"column":57}}],"line":390},"13":{"loc":{"start":{"line":390,"column":59},"end":{"line":390,"column":68}},"type":"default-arg","locations":[{"start":{"line":390,"column":67},"end":{"line":390,"column":68}}],"line":390},"14":{"loc":{"start":{"line":390,"column":70},"end":{"line":390,"column":78}},"type":"default-arg","locations":[{"start":{"line":390,"column":76},"end":{"line":390,"column":78}}],"line":390},"15":{"loc":{"start":{"line":395,"column":20},"end":{"line":416,"column":21}},"type":"switch","locations":[{"start":{"line":396,"column":24},"end":{"line":398,"column":34}},{"start":{"line":399,"column":24},"end":{"line":401,"column":34}},{"start":{"line":402,"column":24},"end":{"line":404,"column":34}},{"start":{"line":405,"column":24},"end":{"line":407,"column":34}},{"start":{"line":408,"column":24},"end":{"line":410,"column":34}},{"start":{"line":411,"column":24},"end":{"line":413,"column":34}},{"start":{"line":414,"column":24},"end":{"line":415,"column":70}}],"line":395},"16":{"loc":{"start":{"line":418,"column":20},"end":{"line":420,"column":21}},"type":"if","locations":[{"start":{"line":418,"column":20},"end":{"line":420,"column":21}},{"start":{},"end":{}}],"line":418},"17":{"loc":{"start":{"line":462,"column":20},"end":{"line":464,"column":21}},"type":"if","locations":[{"start":{"line":462,"column":20},"end":{"line":464,"column":21}},{"start":{},"end":{}}],"line":462},"18":{"loc":{"start":{"line":502,"column":39},"end":{"line":502,"column":53}},"type":"default-arg","locations":[{"start":{"line":502,"column":48},"end":{"line":502,"column":53}}],"line":502},"19":{"loc":{"start":{"line":507,"column":20},"end":{"line":539,"column":21}},"type":"if","locations":[{"start":{"line":507,"column":20},"end":{"line":539,"column":21}},{"start":{"line":511,"column":25},"end":{"line":539,"column":21}}],"line":507},"20":{"loc":{"start":{"line":514,"column":24},"end":{"line":535,"column":25}},"type":"switch","locations":[{"start":{"line":515,"column":28},"end":{"line":517,"column":38}},{"start":{"line":518,"column":28},"end":{"line":520,"column":38}},{"start":{"line":521,"column":28},"end":{"line":523,"column":38}},{"start":{"line":524,"column":28},"end":{"line":526,"column":38}},{"start":{"line":527,"column":28},"end":{"line":529,"column":38}},{"start":{"line":530,"column":28},"end":{"line":532,"column":38}},{"start":{"line":533,"column":28},"end":{"line":534,"column":42}}],"line":514},"21":{"loc":{"start":{"line":542,"column":61},"end":{"line":542,"column":109}},"type":"cond-expr","locations":[{"start":{"line":542,"column":80},"end":{"line":542,"column":90}},{"start":{"line":542,"column":93},"end":{"line":542,"column":109}}],"line":542},"22":{"loc":{"start":{"line":704,"column":48},"end":{"line":704,"column":63}},"type":"default-arg","locations":[{"start":{"line":704,"column":62},"end":{"line":704,"column":63}}],"line":704},"23":{"loc":{"start":{"line":725,"column":20},"end":{"line":730,"column":21}},"type":"if","locations":[{"start":{"line":725,"column":20},"end":{"line":730,"column":21}},{"start":{"line":728,"column":25},"end":{"line":730,"column":21}}],"line":725},"24":{"loc":{"start":{"line":733,"column":98},"end":{"line":733,"column":141}},"type":"cond-expr","locations":[{"start":{"line":733,"column":108},"end":{"line":733,"column":136}},{"start":{"line":733,"column":139},"end":{"line":733,"column":141}}],"line":733},"25":{"loc":{"start":{"line":790,"column":20},"end":{"line":792,"column":21}},"type":"if","locations":[{"start":{"line":790,"column":20},"end":{"line":792,"column":21}},{"start":{},"end":{}}],"line":790},"26":{"loc":{"start":{"line":790,"column":24},"end":{"line":790,"column":56}},"type":"binary-expr","locations":[{"start":{"line":790,"column":24},"end":{"line":790,"column":41}},{"start":{"line":790,"column":45},"end":{"line":790,"column":56}}],"line":790},"27":{"loc":{"start":{"line":797,"column":20},"end":{"line":835,"column":21}},"type":"if","locations":[{"start":{"line":797,"column":20},"end":{"line":835,"column":21}},{"start":{"line":814,"column":25},"end":{"line":835,"column":21}}],"line":797},"28":{"loc":{"start":{"line":814,"column":25},"end":{"line":835,"column":21}},"type":"if","locations":[{"start":{"line":814,"column":25},"end":{"line":835,"column":21}},{"start":{"line":832,"column":25},"end":{"line":835,"column":21}}],"line":814},"29":{"loc":{"start":{"line":898,"column":20},"end":{"line":900,"column":21}},"type":"if","locations":[{"start":{"line":898,"column":20},"end":{"line":900,"column":21}},{"start":{},"end":{}}],"line":898},"30":{"loc":{"start":{"line":898,"column":24},"end":{"line":898,"column":74}},"type":"binary-expr","locations":[{"start":{"line":898,"column":24},"end":{"line":898,"column":29}},{"start":{"line":898,"column":33},"end":{"line":898,"column":53}},{"start":{"line":898,"column":57},"end":{"line":898,"column":74}}],"line":898},"31":{"loc":{"start":{"line":905,"column":32},"end":{"line":905,"column":48}},"type":"default-arg","locations":[{"start":{"line":905,"column":39},"end":{"line":905,"column":48}}],"line":905},"32":{"loc":{"start":{"line":905,"column":56},"end":{"line":905,"column":65}},"type":"default-arg","locations":[{"start":{"line":905,"column":63},"end":{"line":905,"column":65}}],"line":905}},"s":{"0":16,"1":16,"2":16,"3":16,"4":16,"5":16,"6":16,"7":16,"8":15,"9":15,"10":0,"11":15,"12":0,"13":15,"14":15,"15":15,"16":15,"17":0,"18":0,"19":0,"20":0,"21":0,"22":7,"23":16,"24":3,"25":3,"26":3,"27":3,"28":3,"29":0,"30":2,"31":2,"32":2,"33":2,"34":2,"35":1,"36":1,"37":0,"38":1,"39":1,"40":1,"41":1,"42":1,"43":1,"44":0,"45":0,"46":0,"47":0,"48":0,"49":0,"50":0,"51":0,"52":0,"53":0,"54":0,"55":1,"56":0,"57":0,"58":1,"59":0,"60":1,"61":1,"62":1,"63":1,"64":1,"65":0,"66":1,"67":1,"68":0,"69":1,"70":1,"71":1,"72":1,"73":1,"74":1,"75":1,"76":0,"77":0,"78":0,"79":0,"80":0,"81":0,"82":0,"83":0,"84":0,"85":0,"86":0,"87":0,"88":0,"89":0,"90":0,"91":0,"92":0,"93":1,"94":0,"95":1,"96":1,"97":1,"98":1,"99":1,"100":0,"101":1,"102":1,"103":1,"104":1,"105":1,"106":0,"107":1,"108":1,"109":1,"110":1,"111":1,"112":1,"113":1,"114":0,"115":1,"116":1,"117":1,"118":1,"119":1,"120":0,"121":1,"122":0,"123":1,"124":1,"125":0,"126":4,"127":4,"128":4,"129":2,"130":2,"131":2,"132":1,"133":1,"134":0,"135":1,"136":1,"137":0,"138":0,"139":0,"140":0,"141":2,"142":3,"143":0,"144":2,"145":0,"146":3,"147":3,"148":3,"149":2,"150":1,"151":1,"152":2,"153":2,"154":1,"155":1,"156":0,"157":16},"f":{"0":15,"1":0,"2":0,"3":0,"4":7,"5":3,"6":2,"7":1,"8":0,"9":1,"10":1,"11":0,"12":1,"13":1,"14":1,"15":1,"16":4,"17":0,"18":0,"19":0,"20":3,"21":2},"b":{"0":[15,15],"1":[0,15],"2":[0,15],"3":[15,0],"4":[15,15],"5":[15,15],"6":[15,15],"7":[0,7],"8":[0,7],"9":[0],"10":[0],"11":[1,1],"12":[0],"13":[0],"14":[0],"15":[1,0,0,0,0,0,0],"16":[0,1],"17":[0,1],"18":[0],"19":[1,0],"20":[0,0,0,0,0,0,0],"21":[1,0],"22":[0],"23":[0,1],"24":[0,1],"25":[2,2],"26":[4,3],"27":[1,1],"28":[1,0],"29":[2,1],"30":[3,3,3],"31":[0],"32":[2]},"_coverageSchema":"1a1c01bbd47fc00a2c39e90264f33305004495a9","hash":"395bb52cd505e6d4d47c03a01bce2250e797c094"}
}
