TN:
SF:src/index.ts
FN:21,createQueue
FN:58,closeAllQueues
FN:59,(anonymous_2)
FN:61,(anonymous_3)
FN:66,formatJobData
FN:289,(anonymous_5)
FN:328,(anonymous_6)
FN:388,(anonymous_7)
FN:419,(anonymous_8)
FN:455,(anonymous_9)
FN:500,(anonymous_10)
FN:538,(anonymous_11)
FN:567,(anonymous_12)
FN:600,(anonymous_13)
FN:633,(anonymous_14)
FN:702,(anonymous_15)
FN:787,(anonymous_16)
FN:816,(anonymous_17)
FN:834,(anonymous_18)
FN:838,(anonymous_19)
FN:895,(anonymous_20)
FN:904,(anonymous_21)
FNF:22
FNH:14
FNDA:15,createQueue
FNDA:0,closeAllQueues
FNDA:0,(anonymous_2)
FNDA:0,(anonymous_3)
FNDA:7,formatJobData
FNDA:3,(anonymous_5)
FNDA:2,(anonymous_6)
FNDA:1,(anonymous_7)
FNDA:0,(anonymous_8)
FNDA:1,(anonymous_9)
FNDA:1,(anonymous_10)
FNDA:0,(anonymous_11)
FNDA:1,(anonymous_12)
FNDA:1,(anonymous_13)
FNDA:1,(anonymous_14)
FNDA:1,(anonymous_15)
FNDA:4,(anonymous_16)
FNDA:0,(anonymous_17)
FNDA:0,(anonymous_18)
FNDA:0,(anonymous_19)
FNDA:3,(anonymous_20)
FNDA:2,(anonymous_21)
DA:8,16
DA:9,16
DA:10,16
DA:12,16
DA:13,16
DA:14,16
DA:15,16
DA:17,16
DA:23,15
DA:24,15
DA:25,0
DA:29,15
DA:31,0
DA:35,15
DA:44,15
DA:52,15
DA:53,15
DA:59,0
DA:60,0
DA:61,0
DA:67,7
DA:83,16
DA:290,3
DA:291,3
DA:293,3
DA:295,3
DA:296,3
DA:304,0
DA:329,2
DA:330,2
DA:332,2
DA:334,2
DA:335,2
DA:336,1
DA:338,1
DA:345,0
DA:389,1
DA:390,1
DA:392,1
DA:395,1
DA:397,1
DA:398,1
DA:400,0
DA:401,0
DA:403,0
DA:404,0
DA:406,0
DA:407,0
DA:409,0
DA:410,0
DA:412,0
DA:413,0
DA:415,0
DA:418,1
DA:419,0
DA:421,1
DA:431,0
DA:456,1
DA:457,1
DA:459,1
DA:461,1
DA:462,1
DA:463,0
DA:466,1
DA:467,1
DA:474,0
DA:501,1
DA:502,1
DA:504,1
DA:506,1
DA:507,1
DA:508,1
DA:509,1
DA:514,0
DA:516,0
DA:517,0
DA:519,0
DA:520,0
DA:522,0
DA:523,0
DA:525,0
DA:526,0
DA:528,0
DA:529,0
DA:531,0
DA:532,0
DA:534,0
DA:536,0
DA:538,0
DA:540,1
DA:548,0
DA:568,1
DA:569,1
DA:571,1
DA:573,1
DA:574,1
DA:581,0
DA:601,1
DA:602,1
DA:604,1
DA:606,1
DA:607,1
DA:614,0
DA:634,1
DA:635,1
DA:637,1
DA:639,1
DA:647,1
DA:648,1
DA:649,1
DA:666,0
DA:703,1
DA:704,1
DA:706,1
DA:709,1
DA:711,1
DA:722,0
DA:725,1
DA:726,0
DA:729,1
DA:731,1
DA:739,0
DA:788,4
DA:789,4
DA:790,4
DA:791,2
DA:794,2
DA:797,2
DA:798,1
DA:800,1
DA:811,0
DA:814,1
DA:816,1
DA:817,0
DA:820,0
DA:828,0
DA:834,0
DA:837,2
DA:838,3
DA:839,0
DA:842,2
DA:850,0
DA:896,3
DA:897,3
DA:898,3
DA:899,2
DA:902,1
DA:904,1
DA:905,2
DA:906,2
DA:908,1
DA:909,1
DA:917,0
DA:923,16
LF:154
LH:101
BRDA:23,0,0,15
BRDA:23,0,1,15
BRDA:24,1,0,0
BRDA:24,1,1,15
BRDA:29,2,0,0
BRDA:29,2,1,15
BRDA:36,3,0,15
BRDA:36,3,1,0
BRDA:37,4,0,15
BRDA:37,4,1,15
BRDA:38,5,0,15
BRDA:38,5,1,15
BRDA:45,6,0,15
BRDA:45,6,1,15
BRDA:80,7,0,0
BRDA:80,7,1,7
BRDA:80,8,0,0
BRDA:80,8,1,7
BRDA:291,9,0,0
BRDA:291,10,0,0
BRDA:335,11,0,1
BRDA:335,11,1,1
BRDA:390,12,0,0
BRDA:390,13,0,0
BRDA:390,14,0,0
BRDA:395,15,0,1
BRDA:395,15,1,0
BRDA:395,15,2,0
BRDA:395,15,3,0
BRDA:395,15,4,0
BRDA:395,15,5,0
BRDA:395,15,6,0
BRDA:418,16,0,0
BRDA:418,16,1,1
BRDA:462,17,0,0
BRDA:462,17,1,1
BRDA:502,18,0,0
BRDA:507,19,0,1
BRDA:507,19,1,0
BRDA:514,20,0,0
BRDA:514,20,1,0
BRDA:514,20,2,0
BRDA:514,20,3,0
BRDA:514,20,4,0
BRDA:514,20,5,0
BRDA:514,20,6,0
BRDA:542,21,0,1
BRDA:542,21,1,0
BRDA:704,22,0,0
BRDA:725,23,0,0
BRDA:725,23,1,1
BRDA:733,24,0,0
BRDA:733,24,1,1
BRDA:790,25,0,2
BRDA:790,25,1,2
BRDA:790,26,0,4
BRDA:790,26,1,3
BRDA:797,27,0,1
BRDA:797,27,1,1
BRDA:814,28,0,1
BRDA:814,28,1,0
BRDA:898,29,0,2
BRDA:898,29,1,1
BRDA:898,30,0,3
BRDA:898,30,1,3
BRDA:898,30,2,3
BRDA:905,31,0,0
BRDA:905,32,0,2
BRF:68
BRH:35
end_of_record
